<?xml version="1.0" encoding="UTF-8"?>
<!-- Generated by org.testng.reporters.JUnitReportReporter -->
<testsuite hostname="LTIN206289" failures="0" tests="3" name="TestRunner.testRun" time="123.985" errors="0" timestamp="2024-02-29T12:28:10 IST" skipped="0">
  <testcase classname="TestRunner.testRun" name="runScenario" time="65.579"/>
  <testcase classname="TestRunner.testRun" name="runScenario" time="54.077"/>
  <testcase classname="TestRunner.testRun" name="runScenario" time="4.329"/>
</testsuite> <!-- TestRunner.testRun -->
